<?xml version="1.0" encoding="UTF-8"?>
<testng-results ignored="0" total="1" passed="1" failed="0" skipped="0">
  <reporter-output>
  </reporter-output>
  <suite started-at="2022-02-10T09:47:21 IST" name="Default suite" finished-at="2022-02-10T09:47:31 IST" duration-ms="10114">
    <groups>
    </groups>
    <test started-at="2022-02-10T09:47:21 IST" name="Default test" finished-at="2022-02-10T09:47:31 IST" duration-ms="10114">
      <class name="demo.DemoTest">
        <test-method signature="LaunchBrowser()[pri:0, instance:demo.DemoTest@3541cb24]" started-at="2022-02-10T09:47:21 IST" name="LaunchBrowser" finished-at="2022-02-10T09:47:31 IST" duration-ms="10038" status="PASS">
          <reporter-output>
          </reporter-output>
        </test-method> <!-- LaunchBrowser -->
      </class> <!-- demo.DemoTest -->
    </test> <!-- Default test -->
  </suite> <!-- Default suite -->
</testng-results>
